2026-03-01 02:47:00 [INFO ] worker             Normal operation
2026-03-01 02:47:22 [INFO ] api                Normal operation
2026-03-01 02:47:44 [INFO ] queue              Normal operation
2026-03-01 02:48:06 [INFO ] api                Normal operation
2026-03-01 02:48:28 [INFO ] db                 Normal operation
2026-03-01 02:48:50 [INFO ] auth               Normal operation
2026-03-01 02:49:12 [INFO ] db                 Normal operation
2026-03-01 02:49:34 [INFO ] db                 Normal operation
2026-03-01 02:49:56 [INFO ] db                 Normal operation
2026-03-01 02:49:56 [WARN ] auth               Latency spike detected
2026-03-01 02:50:18 [INFO ] queue              Normal operation
2026-03-01 02:50:40 [INFO ] ingest             Normal operation
2026-03-01 02:51:02 [INFO ] scheduler          Normal operation
2026-03-01 02:51:24 [INFO ] worker             Normal operation
2026-03-01 02:51:46 [INFO ] ingest             Normal operation
2026-03-01 02:52:08 [INFO ] auth               Normal operation
2026-03-01 02:52:30 [INFO ] auth               Normal operation
2026-03-01 02:52:52 [INFO ] ingest             Normal operation
2026-03-01 02:53:14 [INFO ] db                 Normal operation
2026-03-01 02:53:36 [INFO ] queue              Normal operation
2026-03-01 02:53:58 [INFO ] auth               Normal operation
2026-03-01 02:54:20 [INFO ] scheduler          Normal operation
2026-03-01 02:54:42 [INFO ] ingest             Normal operation
2026-03-01 02:55:04 [INFO ] worker             Normal operation
2026-03-01 02:55:26 [INFO ] scheduler          Normal operation
2026-03-01 02:55:48 [INFO ] ingest             Normal operation
2026-03-01 02:56:10 [INFO ] auth               Normal operation
2026-03-01 02:56:32 [INFO ] worker             Normal operation
2026-03-01 02:56:54 [INFO ] db                 Normal operation
2026-03-01 02:57:16 [INFO ] db                 Normal operation
2026-03-01 02:57:38 [INFO ] scheduler          Normal operation
2026-03-01 02:58:00 [INFO ] ingest             Normal operation
2026-03-01 02:58:22 [INFO ] worker             Normal operation
2026-03-01 02:58:44 [INFO ] queue              Normal operation
2026-03-01 02:59:06 [INFO ] queue              Normal operation
2026-03-01 02:59:06 [WARN ] cache              Latency spike detected
2026-03-01 02:59:28 [INFO ] auth               Normal operation
2026-03-01 02:59:50 [INFO ] ingest             Normal operation
2026-03-01 03:00:12 [INFO ] ingest             Normal operation
2026-03-01 03:00:12 [WARN ] auth               Latency spike detected
2026-03-01 03:00:34 [INFO ] api                Normal operation
2026-03-01 03:00:56 [INFO ] db                 Normal operation
2026-03-01 03:00:56 [WARN ] worker             Latency spike detected
2026-03-01 03:01:18 [INFO ] db                 Normal operation
2026-03-01 03:01:40 [INFO ] queue              Normal operation
2026-03-01 03:02:02 [INFO ] db                 Normal operation
2026-03-01 03:02:24 [INFO ] db                 Normal operation
2026-03-01 03:02:46 [INFO ] cache              Normal operation
2026-03-01 03:03:08 [INFO ] api                Normal operation
2026-03-01 03:03:30 [INFO ] queue              Normal operation
2026-03-01 03:03:52 [INFO ] api                Normal operation
2026-03-01 03:03:52 [WARN ] cache              Latency spike detected
2026-03-01 03:04:14 [INFO ] api                Normal operation
2026-03-01 03:04:36 [INFO ] auth               Normal operation
2026-03-01 03:04:36 [WARN ] scheduler          Latency spike detected
2026-03-01 03:04:58 [INFO ] scheduler          Normal operation
2026-03-01 03:05:20 [INFO ] queue              Normal operation
2026-03-01 03:05:42 [INFO ] api                Normal operation
2026-03-01 03:06:04 [INFO ] ingest             Normal operation
2026-03-01 03:06:26 [INFO ] api                Normal operation
2026-03-01 03:06:48 [INFO ] ingest             Normal operation
2026-03-01 03:07:10 [INFO ] cache              Normal operation
2026-03-01 03:07:32 [INFO ] ingest             Normal operation
2026-03-01 03:07:32 [WARN ] queue              Latency spike detected
2026-03-01 03:07:54 [INFO ] queue              Normal operation
2026-03-01 03:07:54 [WARN ] auth               Latency spike detected
2026-03-01 03:08:16 [INFO ] ingest             Normal operation
2026-03-01 03:08:38 [INFO ] api                Normal operation
2026-03-01 03:09:00 [INFO ] auth               Normal operation
2026-03-01 03:09:22 [INFO ] ingest             Normal operation
2026-03-01 03:09:44 [INFO ] auth               Normal operation
2026-03-01 03:10:06 [INFO ] auth               Normal operation
2026-03-01 03:10:28 [INFO ] scheduler          Normal operation
2026-03-01 03:10:28 [WARN ] db                 Latency spike detected
2026-03-01 03:10:50 [INFO ] scheduler          Normal operation
2026-03-01 03:11:12 [INFO ] auth               Normal operation
2026-03-01 03:11:34 [INFO ] api                Normal operation
2026-03-01 03:11:56 [INFO ] scheduler          Normal operation
2026-03-01 03:12:18 [INFO ] worker             Normal operation
2026-03-01 03:12:40 [INFO ] api                Normal operation
2026-03-01 03:12:40 [WARN ] db                 Latency spike detected
2026-03-01 03:13:02 [INFO ] db                 Normal operation
2026-03-01 03:13:24 [INFO ] queue              Normal operation
2026-03-01 03:13:46 [INFO ] api                Normal operation
2026-03-01 03:14:08 [INFO ] worker             Normal operation
2026-03-01 03:14:30 [INFO ] ingest             Normal operation
2026-03-01 03:14:52 [INFO ] cache              Normal operation
2026-03-01 03:15:14 [INFO ] db                 Normal operation
2026-03-01 03:15:36 [INFO ] scheduler          Normal operation
2026-03-01 03:15:58 [INFO ] ingest             Normal operation
2026-03-01 03:17:00 [WARN ] worker             Memory pressure: heap=3037MB/4096MB gc_pause=716ms
2026-03-01 03:17:08 [WARN ] worker             Memory pressure: heap=2842MB/4096MB gc_pause=746ms
2026-03-01 03:17:16 [WARN ] worker             Memory pressure: heap=3554MB/4096MB gc_pause=797ms
2026-03-01 03:17:24 [WARN ] worker             Memory pressure: heap=3387MB/4096MB gc_pause=635ms
2026-03-01 03:17:32 [WARN ] worker             Memory pressure: heap=3217MB/4096MB gc_pause=980ms
2026-03-01 03:17:40 [WARN ] worker             Memory pressure: heap=3194MB/4096MB gc_pause=478ms
2026-03-01 03:17:48 [WARN ] worker             Memory pressure: heap=2893MB/4096MB gc_pause=499ms
2026-03-01 03:17:56 [WARN ] worker             Memory pressure: heap=2908MB/4096MB gc_pause=718ms
2026-03-01 03:18:04 [WARN ] worker             Memory pressure: heap=3354MB/4096MB gc_pause=526ms
2026-03-01 03:18:12 [WARN ] worker             Memory pressure: heap=3297MB/4096MB gc_pause=449ms
2026-03-01 03:18:20 [WARN ] worker             Memory pressure: heap=3534MB/4096MB gc_pause=489ms
2026-03-01 03:18:28 [WARN ] worker             Memory pressure: heap=3548MB/4096MB gc_pause=1110ms
2026-03-01 03:18:36 [WARN ] worker             Memory pressure: heap=3430MB/4096MB gc_pause=432ms
2026-03-01 03:18:44 [WARN ] worker             Memory pressure: heap=3010MB/4096MB gc_pause=437ms
2026-03-01 03:18:52 [WARN ] worker             Memory pressure: heap=3539MB/4096MB gc_pause=528ms
2026-03-01 03:19:00 [WARN ] worker             Memory pressure: heap=3434MB/4096MB gc_pause=941ms
2026-03-01 03:19:08 [WARN ] worker             Memory pressure: heap=3032MB/4096MB gc_pause=1035ms
2026-03-01 03:19:16 [WARN ] worker             Memory pressure: heap=3378MB/4096MB gc_pause=830ms
2026-03-01 03:19:24 [WARN ] worker             Memory pressure: heap=3204MB/4096MB gc_pause=644ms
2026-03-01 03:19:32 [WARN ] worker             Memory pressure: heap=3075MB/4096MB gc_pause=753ms
2026-03-01 03:19:40 [WARN ] worker             Memory pressure: heap=2952MB/4096MB gc_pause=1057ms
2026-03-01 03:19:48 [WARN ] worker             Memory pressure: heap=3147MB/4096MB gc_pause=1047ms
2026-03-01 03:19:56 [WARN ] worker             Memory pressure: heap=3268MB/4096MB gc_pause=576ms
2026-03-01 03:20:04 [WARN ] worker             Memory pressure: heap=3259MB/4096MB gc_pause=670ms
2026-03-01 03:20:12 [WARN ] worker             Memory pressure: heap=3321MB/4096MB gc_pause=877ms
2026-03-01 03:20:12 [ERROR] worker             GC overhead limit exceeded — heap utilization 91.2%
2026-03-01 03:20:14 [FATAL] worker             java.lang.OutOfMemoryError: Java heap space (task=task-87342)
2026-03-01 03:20:15 [ERROR] scheduler          Worker process exited unexpectedly (exit_code=137)
2026-03-01 03:20:16 [ERROR] api                Circuit breaker OPEN — upstream worker unavailable
2026-03-01 03:20:17 [ERROR] ingest             Job queue flush failed: downstream not responding
2026-03-01 03:20:17 [FATAL] scheduler          Dependency health check failed 5/5 — halting job dispatch
2026-03-01 03:20:36 [ERROR] api                Timeout waiting for worker
2026-03-01 03:20:40 [ERROR] api                Request dropped — queue full
2026-03-01 03:20:44 [ERROR] ingest             Timeout waiting for worker
2026-03-01 03:20:48 [ERROR] queue              Timeout waiting for worker
2026-03-01 03:20:52 [ERROR] queue              Upstream returned 503
2026-03-01 03:20:56 [ERROR] queue              Request dropped — queue full
2026-03-01 03:21:00 [ERROR] api                Upstream returned 503
2026-03-01 03:21:04 [ERROR] api                Request dropped — queue full
2026-03-01 03:21:08 [ERROR] api                Request dropped — queue full
2026-03-01 03:21:12 [ERROR] ingest             Request dropped — queue full
2026-03-01 03:21:16 [ERROR] api                Timeout waiting for worker
2026-03-01 03:21:20 [ERROR] ingest             Fallback exhausted
2026-03-01 03:21:24 [ERROR] api                Fallback exhausted
2026-03-01 03:21:28 [ERROR] api                Timeout waiting for worker
2026-03-01 03:21:32 [ERROR] queue              Request dropped — queue full
2026-03-01 03:21:36 [ERROR] ingest             Request dropped — queue full
2026-03-01 03:21:40 [ERROR] ingest             Timeout waiting for worker
2026-03-01 03:21:44 [ERROR] ingest             Timeout waiting for worker
2026-03-01 03:21:48 [ERROR] ingest             Request dropped — queue full
2026-03-01 03:21:52 [ERROR] api                Timeout waiting for worker
2026-03-01 03:21:56 [ERROR] queue              Fallback exhausted
2026-03-01 03:22:00 [ERROR] queue              Upstream returned 503
2026-03-01 03:22:04 [ERROR] queue              Request dropped — queue full
2026-03-01 03:22:08 [ERROR] api                Fallback exhausted
2026-03-01 03:22:12 [ERROR] ingest             Request dropped — queue full
2026-03-01 03:22:16 [ERROR] ingest             Request dropped — queue full
2026-03-01 03:22:20 [ERROR] api                Fallback exhausted
2026-03-01 03:22:24 [ERROR] queue              Upstream returned 503
2026-03-01 03:22:28 [ERROR] api                Timeout waiting for worker
2026-03-01 03:28:12 [INFO ] worker             Health check PASS
2026-03-01 03:28:42 [INFO ] db                 Resuming normal operation
2026-03-01 03:29:12 [INFO ] scheduler          Health check PASS
2026-03-01 03:29:42 [INFO ] auth               Resuming normal operation
2026-03-01 03:30:12 [INFO ] api                Queue draining
2026-03-01 03:30:42 [INFO ] cache              Worker restarted successfully
2026-03-01 03:31:12 [INFO ] auth               Queue draining
2026-03-01 03:31:42 [INFO ] ingest             Heap utilization normalizing
2026-03-01 03:32:12 [INFO ] auth               Queue draining
2026-03-01 03:32:42 [INFO ] scheduler          Heap utilization normalizing
2026-03-01 03:33:12 [INFO ] db                 Heap utilization normalizing
2026-03-01 03:33:42 [INFO ] scheduler          Health check PASS
2026-03-01 03:34:12 [INFO ] auth               Resuming normal operation
2026-03-01 03:34:42 [INFO ] scheduler          Queue draining
2026-03-01 03:35:12 [INFO ] cache              Circuit breaker half-open: probing
2026-03-01 03:35:42 [INFO ] scheduler          Worker restarted successfully
2026-03-01 03:36:12 [INFO ] scheduler          Health check PASS
2026-03-01 03:36:42 [INFO ] worker             Queue draining
2026-03-01 03:37:12 [INFO ] worker             Heap utilization normalizing
2026-03-01 03:37:42 [INFO ] worker             Resuming normal operation
